\BOOKMARK [1][-]{section.1}{\376\377\361\235\000\040\145\131\200\262\200\314\146\157}{}% 1
\BOOKMARK [2][-]{subsection.1.1}{\376\377\141\125\134\074\236\321\135\345\116\032\131\047\133\146\000,\000\040\141\125\134\074\236\321\000,\000\040\137\267\126\375}{section.1}% 2
\BOOKMARK [2][-]{subsection.1.2}{\376\377\150\070\137\303\213\376\172\013\377\032}{section.1}% 3
\BOOKMARK [2][-]{subsection.1.3}{}{section.1}% 4
\BOOKMARK [2][-]{subsection.1.4}{\376\377\171\321\130\041\136\224\165\050\142\200\147\057\131\047\133\146\000,\000\040\171\321\130\041\000,\000\040\137\267\126\375}{section.1}% 5
\BOOKMARK [2][-]{subsection.1.5}{\376\377\150\070\137\303\213\376\172\013\377\032}{section.1}% 6
\BOOKMARK [2][-]{subsection.1.6}{\376\377\124\014\155\116\131\047\133\146\000,\000\040\116\012\155\167\000,\000\040\116\055\126\375}{section.1}% 7
\BOOKMARK [2][-]{subsection.1.7}{\376\377\150\070\137\303\213\376\172\013\377\032}{section.1}% 8
\BOOKMARK [1][-]{section.2}{\376\377\360\300\000\040\135\345\117\134\176\317\123\206}{}% 9
\BOOKMARK [2][-]{subsection.2.1}{\376\377\117\335\145\366\143\167\135\345\172\013\147\015\122\241\121\154\123\370\000,\000\040\225\350\145\257\155\167\131\306\000,\000\040\137\267\126\375}{section.2}% 10
\BOOKMARK [2][-]{subsection.2.2}{\376\377\142\064\131\306\122\322\123\141\217\146\121\154\123\370\000,\000\040\145\257\126\376\122\240\162\171\000,\000\040\137\267\126\375}{section.2}% 11
\BOOKMARK [2][-]{subsection.2.3}{\376\377\142\064\131\306\122\322\123\141\217\146\121\154\123\370\000,\000\040\127\303\145\257\147\227\150\071\000,\000\040\137\267\126\375}{section.2}% 12
\BOOKMARK [1][-]{section.3}{\376\377\360\173\000\040\230\171\166\356\176\317\123\206}{}% 13
\BOOKMARK [2][-]{subsection.3.1}{\376\377\170\125\130\353\213\272\145\207\000:\000\040\127\372\116\216\123\125\166\356\166\370\147\072\166\204\0003\000D\213\355\116\111\127\072\146\157\210\145\121\150}{section.3}% 14
\BOOKMARK [2][-]{subsection.3.2}{\376\377\000T\000O\000D\0002\000D\000:\000\040\0002\000D\126\376\120\317\166\204\220\123\215\357\162\151\117\123\166\356\150\007\150\300\155\113\124\214\122\006\174\173}{section.3}% 15
\BOOKMARK [2][-]{subsection.3.3}{\376\377\172\357\122\060\172\357\133\146\116\140\166\204\201\352\122\250\232\176\232\166\154\175\217\146}{section.3}% 16
\BOOKMARK [2][-]{subsection.3.4}{\376\377\000S\000o\000f\000t\000C\000a\000p\000:\000\040\122\051\165\050\172\000\165\217\123\167\171\357\152\041\127\127\116\072\0003\000D\160\271\116\221\127\072\146\157\165\037\142\020\133\306\226\306\143\317\217\360}{section.3}% 17
\BOOKMARK [1][-]{section.4}{\376\377\360\005\000\040\131\126\230\171}{}% 18
\BOOKMARK [2][-]{subsection.4.1}{\376\377\203\362\134\074\121\113\145\257\131\126\133\146\221\321}{section.4}% 19
\BOOKMARK [1][-]{section.5}{\376\377\360\205\000\040\000I\000T\000\040\142\200\200\375}{}% 20
\BOOKMARK [1][-]{section.6}{\376\377\361\253\000\040\213\355\212\000\200\375\122\233}{}% 21
\BOOKMARK [2][-]{subsection.6.1}{\376\377\202\361\213\355\000\050\000C\0001\000\051\000:}{section.6}% 22
\BOOKMARK [2][-]{subsection.6.2}{}{section.6}% 23
\BOOKMARK [2][-]{subsection.6.3}{}{section.6}% 24
\BOOKMARK [2][-]{subsection.6.4}{\376\377\137\267\213\355\000\050\000C\0001\000\051\000:}{section.6}% 25
\BOOKMARK [1][-]{section.7}{\376\377\360\255\000\040\121\166\116\326\142\200\200\375}{}% 26
