This is XeTeX, Version 3.141592653-2.6-0.999995 (TeX Live 2023) (preloaded format=xelatex 2023.3.29)  11 MAY 2024 23:03
entering extended mode
 restricted \write18 enabled.
 %&-line parsing enabled.
**resume-zh_CN.tex
(./resume-zh_CN.tex
LaTeX2e <2022-11-01> patch level 1
L3 programming layer <2023-02-22> (./resume.cls
Document Class: resume 2015/05/25 An elegant Résumé class
(c:/texlive/2023/texmf-dist/tex/latex/base/article.cls
Document Class: article 2022/07/02 v1.4n Standard LaTeX document class
(c:/texlive/2023/texmf-dist/tex/latex/base/size11.clo
File: size11.clo 2022/07/02 v1.4n Standard LaTeX file (size option)
)
\c@part=\count181
\c@section=\count182
\c@subsection=\count183
\c@subsubsection=\count184
\c@paragraph=\count185
\c@subparagraph=\count186
\c@figure=\count187
\c@table=\count188
\abovecaptionskip=\skip48
\belowcaptionskip=\skip49
\bibindent=\dimen140
)
(c:/texlive/2023/texmf-dist/tex/xelatex/xltxtra/xltxtra.sty
Package: xltxtra 2018/12/31 v0.7 Improvements for the "XeLaTeX" format

(c:/texlive/2023/texmf-dist/tex/generic/iftex/ifluatex.sty
Package: ifluatex 2019/10/25 v1.5 ifluatex legacy package. Use iftex instead.

(c:/texlive/2023/texmf-dist/tex/generic/iftex/iftex.sty
Package: iftex 2022/02/03 v1.0f TeX engine tests
))
(c:/texlive/2023/texmf-dist/tex/generic/iftex/ifxetex.sty
Package: ifxetex 2019/10/25 v0.7 ifxetex legacy package. Use iftex instead.
)
(c:/texlive/2023/texmf-dist/tex/latex/fontspec/fontspec.sty
(c:/texlive/2023/texmf-dist/tex/latex/l3packages/xparse/xparse.sty
(c:/texlive/2023/texmf-dist/tex/latex/l3kernel/expl3.sty
Package: expl3 2023-02-22 L3 programming layer (loader) 

(c:/texlive/2023/texmf-dist/tex/latex/l3backend/l3backend-xetex.def
File: l3backend-xetex.def 2023-01-16 L3 backend support: XeTeX
\g__graphics_track_int=\count189
\l__pdf_internal_box=\box51
\g__pdf_backend_object_int=\count190
\g__pdf_backend_annotation_int=\count191
\g__pdf_backend_link_int=\count192
))
Package: xparse 2023-02-02 L3 Experimental document command parser
)
Package: fontspec 2022/01/15 v2.8a Font selection for XeLaTeX and LuaLaTeX

(c:/texlive/2023/texmf-dist/tex/latex/fontspec/fontspec-xetex.sty
Package: fontspec-xetex 2022/01/15 v2.8a Font selection for XeLaTeX and LuaLaTe
X
\l__fontspec_script_int=\count193
\l__fontspec_language_int=\count194
\l__fontspec_strnum_int=\count195
\l__fontspec_tmp_int=\count196
\l__fontspec_tmpa_int=\count197
\l__fontspec_tmpb_int=\count198
\l__fontspec_tmpc_int=\count199
\l__fontspec_em_int=\count266
\l__fontspec_emdef_int=\count267
\l__fontspec_strong_int=\count268
\l__fontspec_strongdef_int=\count269
\l__fontspec_tmpa_dim=\dimen141
\l__fontspec_tmpb_dim=\dimen142
\l__fontspec_tmpc_dim=\dimen143

(c:/texlive/2023/texmf-dist/tex/latex/base/fontenc.sty
Package: fontenc 2021/04/29 v2.0v Standard LaTeX package
)
(c:/texlive/2023/texmf-dist/tex/latex/fontspec/fontspec.cfg)))
(c:/texlive/2023/texmf-dist/tex/latex/realscripts/realscripts.sty
Package: realscripts 2016/02/13 v0.3d Access OpenType subscripts and superscrip
ts
\subsupersep=\dimen144
)
(c:/texlive/2023/texmf-dist/tex/latex/metalogo/metalogo.sty
Package: metalogo 2010/05/29 v0.12 Extended TeX logo macros

(c:/texlive/2023/texmf-dist/tex/latex/graphics/graphicx.sty
Package: graphicx 2021/09/16 v1.2d Enhanced LaTeX Graphics (DPC,SPQR)

(c:/texlive/2023/texmf-dist/tex/latex/graphics/keyval.sty
Package: keyval 2022/05/29 v1.15 key=value parser (DPC)
\KV@toks@=\toks16
)
(c:/texlive/2023/texmf-dist/tex/latex/graphics/graphics.sty
Package: graphics 2022/03/10 v1.4e Standard LaTeX Graphics (DPC,SPQR)

(c:/texlive/2023/texmf-dist/tex/latex/graphics/trig.sty
Package: trig 2021/08/11 v1.11 sin cos tan (DPC)
)
(c:/texlive/2023/texmf-dist/tex/latex/graphics-cfg/graphics.cfg
File: graphics.cfg 2016/06/04 v1.11 sample graphics configuration
)
Package graphics Info: Driver file: xetex.def on input line 107.

(c:/texlive/2023/texmf-dist/tex/latex/graphics-def/xetex.def
File: xetex.def 2022/09/22 v5.0n Graphics/color driver for xetex
))
\Gin@req@height=\dimen145
\Gin@req@width=\dimen146
)
\xl@everylogo=\toks17
\xl@@everylogo=\toks18
LaTeX Info: Redefining \TeX on input line 193.
LaTeX Info: Redefining \LaTeX on input line 202.
LaTeX Info: Redefining \LaTeXe on input line 219.
)
\l__xetex_show_hyphens_wrapping_box=\box52
\l__xetex_show_hyphens_temp_box=\box53
\l__xetex_show_hyphens_final_box=\box54
\g__xetex_show_hyphens_word_box=\box55
)
(c:/texlive/2023/texmf-dist/tex/latex/xifthen/xifthen.sty
Package: xifthen 2015/11/05 v1.4.0 Extended ifthen features

(c:/texlive/2023/texmf-dist/tex/latex/tools/calc.sty
Package: calc 2017/05/25 v4.3 Infix arithmetic (KKT,FJ)
\calc@Acount=\count270
\calc@Bcount=\count271
\calc@Adimen=\dimen147
\calc@Bdimen=\dimen148
\calc@Askip=\skip50
\calc@Bskip=\skip51
LaTeX Info: Redefining \setlength on input line 80.
LaTeX Info: Redefining \addtolength on input line 81.
\calc@Ccount=\count272
\calc@Cskip=\skip52
)
(c:/texlive/2023/texmf-dist/tex/latex/base/ifthen.sty
Package: ifthen 2022/04/13 v1.1d Standard LaTeX ifthen package (DPC)
)
(c:/texlive/2023/texmf-dist/tex/latex/ifmtarg/ifmtarg.sty
Package: ifmtarg 2018/04/16 v1.2b check for an empty argument
))
(c:/texlive/2023/texmf-dist/tex/latex/hyperref/hyperref.sty
Package: hyperref 2023-02-07 v7.00v Hypertext links for LaTeX

(c:/texlive/2023/texmf-dist/tex/generic/ltxcmds/ltxcmds.sty
Package: ltxcmds 2020-05-10 v1.25 LaTeX kernel commands for general use (HO)
)
(c:/texlive/2023/texmf-dist/tex/generic/pdftexcmds/pdftexcmds.sty
Package: pdftexcmds 2020-06-27 v0.33 Utility functions of pdfTeX for LuaTeX (HO
)

(c:/texlive/2023/texmf-dist/tex/generic/infwarerr/infwarerr.sty
Package: infwarerr 2019/12/03 v1.5 Providing info/warning/error messages (HO)
)
Package pdftexcmds Info: \pdf@primitive is available.
Package pdftexcmds Info: \pdf@ifprimitive is available.
Package pdftexcmds Info: \pdfdraftmode not found.
)
(c:/texlive/2023/texmf-dist/tex/latex/kvsetkeys/kvsetkeys.sty
Package: kvsetkeys 2022-10-05 v1.19 Key value parser (HO)
)
(c:/texlive/2023/texmf-dist/tex/generic/kvdefinekeys/kvdefinekeys.sty
Package: kvdefinekeys 2019-12-19 v1.6 Define keys (HO)
)
(c:/texlive/2023/texmf-dist/tex/generic/pdfescape/pdfescape.sty
Package: pdfescape 2019/12/09 v1.15 Implements pdfTeX's escape features (HO)
)
(c:/texlive/2023/texmf-dist/tex/latex/hycolor/hycolor.sty
Package: hycolor 2020-01-27 v1.10 Color options for hyperref/bookmark (HO)
)
(c:/texlive/2023/texmf-dist/tex/latex/letltxmacro/letltxmacro.sty
Package: letltxmacro 2019/12/03 v1.6 Let assignment for LaTeX macros (HO)
)
(c:/texlive/2023/texmf-dist/tex/latex/auxhook/auxhook.sty
Package: auxhook 2019-12-17 v1.6 Hooks for auxiliary files (HO)
)
(c:/texlive/2023/texmf-dist/tex/latex/hyperref/nameref.sty
Package: nameref 2022-05-17 v2.50 Cross-referencing by name of section

(c:/texlive/2023/texmf-dist/tex/latex/refcount/refcount.sty
Package: refcount 2019/12/15 v3.6 Data extraction from label references (HO)
)
(c:/texlive/2023/texmf-dist/tex/generic/gettitlestring/gettitlestring.sty
Package: gettitlestring 2019/12/15 v1.6 Cleanup title references (HO)

(c:/texlive/2023/texmf-dist/tex/latex/kvoptions/kvoptions.sty
Package: kvoptions 2022-06-15 v3.15 Key value format for package options (HO)
))
\c@section@level=\count273
)
\@linkdim=\dimen149
\Hy@linkcounter=\count274
\Hy@pagecounter=\count275

(c:/texlive/2023/texmf-dist/tex/latex/hyperref/pd1enc.def
File: pd1enc.def 2023-02-07 v7.00v Hyperref: PDFDocEncoding definition (HO)
)
(c:/texlive/2023/texmf-dist/tex/generic/intcalc/intcalc.sty
Package: intcalc 2019/12/15 v1.3 Expandable calculations with integers (HO)
)
(c:/texlive/2023/texmf-dist/tex/generic/etexcmds/etexcmds.sty
Package: etexcmds 2019/12/15 v1.7 Avoid name clashes with e-TeX commands (HO)
)
\Hy@SavedSpaceFactor=\count276

(c:/texlive/2023/texmf-dist/tex/latex/hyperref/puenc.def
File: puenc.def 2023-02-07 v7.00v Hyperref: PDF Unicode definition (HO)
)
Package hyperref Info: Hyper figures OFF on input line 4177.
Package hyperref Info: Link nesting OFF on input line 4182.
Package hyperref Info: Hyper index ON on input line 4185.
Package hyperref Info: Plain pages OFF on input line 4192.
Package hyperref Info: Backreferencing OFF on input line 4197.
Package hyperref Info: Implicit mode ON; LaTeX internals redefined.
Package hyperref Info: Bookmarks ON on input line 4425.
\c@Hy@tempcnt=\count277

(c:/texlive/2023/texmf-dist/tex/latex/url/url.sty
\Urlmuskip=\muskip16
Package: url 2013/09/16  ver 3.4  Verb mode for urls, etc.
)
LaTeX Info: Redefining \url on input line 4763.
\XeTeXLinkMargin=\dimen150

(c:/texlive/2023/texmf-dist/tex/generic/bitset/bitset.sty
Package: bitset 2019/12/09 v1.3 Handle bit-vector datatype (HO)

(c:/texlive/2023/texmf-dist/tex/generic/bigintcalc/bigintcalc.sty
Package: bigintcalc 2019/12/15 v1.5 Expandable calculations on big integers (HO
)
))
\Fld@menulength=\count278
\Field@Width=\dimen151
\Fld@charsize=\dimen152
Package hyperref Info: Hyper figures OFF on input line 6042.
Package hyperref Info: Link nesting OFF on input line 6047.
Package hyperref Info: Hyper index ON on input line 6050.
Package hyperref Info: backreferencing OFF on input line 6057.
Package hyperref Info: Link coloring OFF on input line 6062.
Package hyperref Info: Link coloring with OCG OFF on input line 6067.
Package hyperref Info: PDF/A mode OFF on input line 6072.

(c:/texlive/2023/texmf-dist/tex/latex/base/atbegshi-ltx.sty
Package: atbegshi-ltx 2021/01/10 v1.0c Emulation of the original atbegshi
package with kernel methods
)
\Hy@abspage=\count279
\c@Item=\count280
\c@Hfootnote=\count281
)
Package hyperref Info: Driver (autodetected): hxetex.

(c:/texlive/2023/texmf-dist/tex/latex/hyperref/hxetex.def
File: hxetex.def 2023-02-07 v7.00v Hyperref driver for XeTeX

(c:/texlive/2023/texmf-dist/tex/generic/stringenc/stringenc.sty
Package: stringenc 2019/11/29 v1.12 Convert strings between diff. encodings (HO
)
)
\pdfm@box=\box56
\c@Hy@AnnotLevel=\count282
\HyField@AnnotCount=\count283
\Fld@listcount=\count284
\c@bookmark@seq@number=\count285

(c:/texlive/2023/texmf-dist/tex/latex/rerunfilecheck/rerunfilecheck.sty
Package: rerunfilecheck 2022-07-10 v1.10 Rerun checks for auxiliary files (HO)

(c:/texlive/2023/texmf-dist/tex/latex/base/atveryend-ltx.sty
Package: atveryend-ltx 2020/08/19 v1.0a Emulation of the original atveryend pac
kage
with kernel methods
)
(c:/texlive/2023/texmf-dist/tex/generic/uniquecounter/uniquecounter.sty
Package: uniquecounter 2019/12/15 v1.4 Provide unlimited unique counter (HO)
)
Package uniquecounter Info: New unique counter `rerunfilecheck' on input line 2
85.
)
\Hy@SectionHShift=\skip53
)
(./fontawesome.sty
Package: fontawesome 2016/05/15 v4.6.3 font awesome icons
 (./fontawesomesymbols-generic.tex)

Package fontspec Info: Font family 'FontAwesome(0)' created for font
(fontspec)             'FontAwesome' with options [Path =
(fontspec)             fonts/fontawesome/opentype/,Scale = 0.85,SmallCapsFont
(fontspec)             = *].
(fontspec)              
(fontspec)              This font family consists of the following NFSS
(fontspec)             series/shapes:
(fontspec)              
(fontspec)             - 'normal' (m/n) with NFSS spec.:
(fontspec)             <->s*[0.85]"[fonts/fontawesome/opentype/FontAwesome]/OT:
language=dflt;"
(fontspec)             - 'small caps'  (m/sc) with NFSS spec.:
(fontspec)             <->s*[0.85]"[fonts/fontawesome/opentype/FontAwesome]/OT:
language=dflt;"


(./fontawesomesymbols-xeluatex.tex))

Package fontspec Info: Font family 'texgyretermes(0)' created for font
(fontspec)             'texgyretermes' with options [Ligatures=TeX,Path =
(fontspec)             fonts/Main/,Extension = .otf,UprightFont =
(fontspec)             *-regular,BoldFont = *-bold,ItalicFont =
(fontspec)             *-italic,BoldItalicFont = *-bolditalic,SmallCapsFont =
(fontspec)             Fontin-SmallCaps].
(fontspec)              
(fontspec)              This font family consists of the following NFSS
(fontspec)             series/shapes:
(fontspec)              
(fontspec)             - 'normal' (m/n) with NFSS spec.:
(fontspec)             <->"[fonts/Main/texgyretermes-regular.otf]/OT:script=lat
n;language=dflt;mapping=tex-text;"
(fontspec)             - 'small caps'  (m/sc) with NFSS spec.:
(fontspec)             <->"[fonts/Main/Fontin-SmallCaps.otf]/OT:script=latn;lan
guage=dflt;mapping=tex-text;"
(fontspec)             - 'bold' (b/n) with NFSS spec.:
(fontspec)             <->"[fonts/Main/texgyretermes-bold.otf]/OT:script=latn;l
anguage=dflt;mapping=tex-text;"
(fontspec)             - 'bold small caps'  (b/sc) with NFSS spec.:
(fontspec)             <->"[fonts/Main/Fontin-SmallCaps.otf]/OT:script=latn;lan
guage=dflt;mapping=tex-text;"
(fontspec)             - 'italic' (m/it) with NFSS spec.:
(fontspec)             <->"[fonts/Main/texgyretermes-italic.otf]/OT:script=latn
;language=dflt;mapping=tex-text;"
(fontspec)             - 'italic small caps'  (m/scit) with NFSS spec.:
(fontspec)             <->"[fonts/Main/Fontin-SmallCaps.otf]/OT:script=latn;lan
guage=dflt;mapping=tex-text;"
(fontspec)             - 'bold italic' (b/it) with NFSS spec.:
(fontspec)             <->"[fonts/Main/texgyretermes-bolditalic.otf]/OT:script=
latn;language=dflt;mapping=tex-text;"
(fontspec)             - 'bold italic small caps'  (b/scit) with NFSS spec.:
(fontspec)             <->"[fonts/Main/Fontin-SmallCaps.otf]/OT:script=latn;lan
guage=dflt;mapping=tex-text;"


(c:/texlive/2023/texmf-dist/tex/latex/geometry/geometry.sty
Package: geometry 2020/01/02 v5.9 Page Geometry

(c:/texlive/2023/texmf-dist/tex/generic/iftex/ifvtex.sty
Package: ifvtex 2019/10/25 v1.7 ifvtex legacy package. Use iftex instead.
)
\Gm@cnth=\count286
\Gm@cntv=\count287
\c@Gm@tempcnt=\count288
\Gm@bindingoffset=\dimen153
\Gm@wd@mp=\dimen154
\Gm@odd@mp=\dimen155
\Gm@even@mp=\dimen156
\Gm@layoutwidth=\dimen157
\Gm@layoutheight=\dimen158
\Gm@layouthoffset=\dimen159
\Gm@layoutvoffset=\dimen160
\Gm@dimlist=\toks19
)
(c:/texlive/2023/texmf-dist/tex/latex/titlesec/titlesec.sty
Package: titlesec 2021/07/05 v2.14 Sectioning titles
\ttl@box=\box57
\beforetitleunit=\skip54
\aftertitleunit=\skip55
\ttl@plus=\dimen161
\ttl@minus=\dimen162
\ttl@toksa=\toks20
\titlewidth=\dimen163
\titlewidthlast=\dimen164
\titlewidthfirst=\dimen165
)
(c:/texlive/2023/texmf-dist/tex/latex/enumitem/enumitem.sty
Package: enumitem 2019/06/20 v3.9 Customized lists
\labelindent=\skip56
\enit@outerparindent=\dimen166
\enit@toks=\toks21
\enit@inbox=\box58
\enit@count@id=\count289
\enitdp@description=\count290
)
(c:/texlive/2023/texmf-dist/tex/generic/nth/nth.sty
Package: nth 2002/02/27
))
(./zh_CN-Adobefonts_external.sty
Package: zh_CN-Adobefonts_external 2015/05/25 zh_CN-Adobefonts_internal Package


(c:/texlive/2023/texmf-dist/tex/xelatex/xecjk/xeCJK.sty
Package: xeCJK 2022/08/05 v3.9.1 Typesetting CJK scripts with XeLaTeX

(c:/texlive/2023/texmf-dist/tex/latex/ctex/ctexhook.sty
Package: ctexhook 2022/07/14 v2.5.10 Document and package hooks (CTEX)
)
(c:/texlive/2023/texmf-dist/tex/latex/l3packages/xtemplate/xtemplate.sty
Package: xtemplate 2023-02-02 L3 Experimental prototype document functions
\l__xtemplate_tmp_dim=\dimen167
\l__xtemplate_tmp_int=\count291
\l__xtemplate_tmp_muskip=\muskip17
\l__xtemplate_tmp_skip=\skip57
)
\l__xeCJK_tmp_int=\count292
\l__xeCJK_tmp_box=\box59
\l__xeCJK_tmp_dim=\dimen168
\l__xeCJK_tmp_skip=\skip58
\g__xeCJK_space_factor_int=\count293
\l__xeCJK_begin_int=\count294
\l__xeCJK_end_int=\count295
\c__xeCJK_CJK_class_int=\XeTeXcharclass1
\c__xeCJK_FullLeft_class_int=\XeTeXcharclass2
\c__xeCJK_FullRight_class_int=\XeTeXcharclass3
\c__xeCJK_HalfLeft_class_int=\XeTeXcharclass4
\c__xeCJK_HalfRight_class_int=\XeTeXcharclass5
\c__xeCJK_NormalSpace_class_int=\XeTeXcharclass6
\c__xeCJK_CM_class_int=\XeTeXcharclass7
\c__xeCJK_HangulJamo_class_int=\XeTeXcharclass8
\l__xeCJK_last_skip=\skip59
\c__xeCJK_none_node=\count296
\g__xeCJK_node_int=\count297
\c__xeCJK_CJK_node_dim=\dimen169
\c__xeCJK_CJK-space_node_dim=\dimen170
\c__xeCJK_default_node_dim=\dimen171
\c__xeCJK_CJK-widow_node_dim=\dimen172
\c__xeCJK_normalspace_node_dim=\dimen173
\c__xeCJK_default-space_node_skip=\skip60
\l__xeCJK_ccglue_skip=\skip61
\l__xeCJK_ecglue_skip=\skip62
\l__xeCJK_punct_kern_skip=\skip63
\l__xeCJK_indent_box=\box60
\l__xeCJK_last_penalty_int=\count298
\l__xeCJK_last_bound_dim=\dimen174
\l__xeCJK_last_kern_dim=\dimen175
\l__xeCJK_widow_penalty_int=\count299

Package xtemplate Info: Declaring object type 'xeCJK/punctuation' taking 0
(xtemplate)             argument(s) on line 2396.

\l__xeCJK_fixed_punct_width_dim=\dimen176
\l__xeCJK_mixed_punct_width_dim=\dimen177
\l__xeCJK_middle_punct_width_dim=\dimen178
\l__xeCJK_fixed_margin_width_dim=\dimen179
\l__xeCJK_mixed_margin_width_dim=\dimen180
\l__xeCJK_middle_margin_width_dim=\dimen181
\l__xeCJK_bound_punct_width_dim=\dimen182
\l__xeCJK_bound_margin_width_dim=\dimen183
\l__xeCJK_margin_minimum_dim=\dimen184
\l__xeCJK_kerning_total_width_dim=\dimen185
\l__xeCJK_same_align_margin_dim=\dimen186
\l__xeCJK_different_align_margin_dim=\dimen187
\l__xeCJK_kerning_margin_width_dim=\dimen188
\l__xeCJK_kerning_margin_minimum_dim=\dimen189
\l__xeCJK_bound_dim=\dimen190
\l__xeCJK_reverse_bound_dim=\dimen191
\l__xeCJK_margin_dim=\dimen192
\l__xeCJK_minimum_bound_dim=\dimen193
\l__xeCJK_kerning_margin_dim=\dimen194
\g__xeCJK_family_int=\count300
\l__xeCJK_fam_int=\count301
\g__xeCJK_fam_allocation_int=\count302
\l__xeCJK_verb_case_int=\count303
\l__xeCJK_verb_exspace_skip=\skip64

(c:/texlive/2023/texmf-dist/tex/xelatex/xecjk/xeCJK.cfg
File: xeCJK.cfg 2022/08/05 v3.9.1 Configuration file for xeCJK package
))

Package fontspec Info: Font family 'AdobeSongStd-Light.otf(0)' created for
(fontspec)             font 'AdobeSongStd-Light.otf' with options [Path =
(fontspec)             fonts/zh_CN-Adobe/,Mapping=tex-text,Script={CJK},SmallCa
psFont={AdobeHeitiStd-Regular.otf},BoldFont={AdobeHeitiStd-Regular.otf},ItalicF
ont={AdobeKaitiStd-Regular.otf}].
(fontspec)              
(fontspec)              This font family consists of the following NFSS
(fontspec)             series/shapes:
(fontspec)              
(fontspec)             - 'normal' (m/n) with NFSS spec.:
(fontspec)             <->"[fonts/zh_CN-Adobe/AdobeSongStd-Light.otf]/OT:script
=hani;language=dflt;mapping=tex-text;"
(fontspec)             - 'small caps'  (m/sc) with NFSS spec.:
(fontspec)             <->"[fonts/zh_CN-Adobe/AdobeHeitiStd-Regular.otf]/OT:scr
ipt=hani;language=dflt;mapping=tex-text;"
(fontspec)             - 'bold' (b/n) with NFSS spec.:
(fontspec)             <->"[fonts/zh_CN-Adobe/AdobeHeitiStd-Regular.otf]/OT:scr
ipt=hani;language=dflt;mapping=tex-text;"
(fontspec)             - 'bold small caps'  (b/sc) with NFSS spec.:
(fontspec)             <->"[fonts/zh_CN-Adobe/AdobeHeitiStd-Regular.otf]/OT:scr
ipt=hani;language=dflt;mapping=tex-text;"
(fontspec)             - 'italic' (m/it) with NFSS spec.:
(fontspec)             <->"[fonts/zh_CN-Adobe/AdobeKaitiStd-Regular.otf]/OT:scr
ipt=hani;language=dflt;mapping=tex-text;"
(fontspec)             - 'italic small caps'  (m/scit) with NFSS spec.:
(fontspec)             <->"[fonts/zh_CN-Adobe/AdobeHeitiStd-Regular.otf]/OT:scr
ipt=hani;language=dflt;mapping=tex-text;"

)
(./linespacing_fix.sty
Package: linespacing_fix 2015/06/06 linespacing_fix Package

(c:/texlive/2023/texmf-dist/tex/latex/setspace/setspace.sty
Package: setspace 2022/12/04 v6.7b set line spacing
)
\modparskip=\skip65
\modbaselineskip=\skip66
)
(c:/texlive/2023/texmf-dist/tex/latex/cite/cite.sty
LaTeX Info: Redefining \cite on input line 302.
LaTeX Info: Redefining \nocite on input line 332.
Package: cite 2015/02/27  v 5.5
)
(c:/texlive/2023/texmf-dist/tex/latex/comment/comment.sty
\CommentStream=\write3

Excluding comment 'comment') (./resume-zh_CN.aux)
\openout1 = `resume-zh_CN.aux'.

LaTeX Font Info:    Checking defaults for OML/cmm/m/it on input line 14.
LaTeX Font Info:    ... okay on input line 14.
LaTeX Font Info:    Checking defaults for OMS/cmsy/m/n on input line 14.
LaTeX Font Info:    ... okay on input line 14.
LaTeX Font Info:    Checking defaults for OT1/cmr/m/n on input line 14.
LaTeX Font Info:    ... okay on input line 14.
LaTeX Font Info:    Checking defaults for T1/cmr/m/n on input line 14.
LaTeX Font Info:    ... okay on input line 14.
LaTeX Font Info:    Checking defaults for TS1/cmr/m/n on input line 14.
LaTeX Font Info:    Trying to load font information for TS1+cmr on input line 1
4.

(c:/texlive/2023/texmf-dist/tex/latex/base/ts1cmr.fd
File: ts1cmr.fd 2022/07/10 v2.5l Standard LaTeX font definitions
)
LaTeX Font Info:    ... okay on input line 14.
LaTeX Font Info:    Checking defaults for TU/lmr/m/n on input line 14.
LaTeX Font Info:    ... okay on input line 14.
LaTeX Font Info:    Checking defaults for OMX/cmex/m/n on input line 14.
LaTeX Font Info:    ... okay on input line 14.
LaTeX Font Info:    Checking defaults for U/cmr/m/n on input line 14.
LaTeX Font Info:    ... okay on input line 14.
LaTeX Font Info:    Checking defaults for PD1/pdf/m/n on input line 14.
LaTeX Font Info:    ... okay on input line 14.
LaTeX Font Info:    Checking defaults for PU/pdf/m/n on input line 14.
LaTeX Font Info:    ... okay on input line 14.

Package fontspec Info: Adjusting the maths setup (use [no-math] to avoid
(fontspec)             this).

\symlegacymaths=\mathgroup4
LaTeX Font Info:    Overwriting symbol font `legacymaths' in version `bold'
(Font)                  OT1/cmr/m/n --> OT1/cmr/bx/n on input line 14.
LaTeX Font Info:    Redeclaring math accent \acute on input line 14.
LaTeX Font Info:    Redeclaring math accent \grave on input line 14.
LaTeX Font Info:    Redeclaring math accent \ddot on input line 14.
LaTeX Font Info:    Redeclaring math accent \tilde on input line 14.
LaTeX Font Info:    Redeclaring math accent \bar on input line 14.
LaTeX Font Info:    Redeclaring math accent \breve on input line 14.
LaTeX Font Info:    Redeclaring math accent \check on input line 14.
LaTeX Font Info:    Redeclaring math accent \hat on input line 14.
LaTeX Font Info:    Redeclaring math accent \dot on input line 14.
LaTeX Font Info:    Redeclaring math accent \mathring on input line 14.
LaTeX Font Info:    Redeclaring math symbol \colon on input line 14.
LaTeX Font Info:    Redeclaring math symbol \Gamma on input line 14.
LaTeX Font Info:    Redeclaring math symbol \Delta on input line 14.
LaTeX Font Info:    Redeclaring math symbol \Theta on input line 14.
LaTeX Font Info:    Redeclaring math symbol \Lambda on input line 14.
LaTeX Font Info:    Redeclaring math symbol \Xi on input line 14.
LaTeX Font Info:    Redeclaring math symbol \Pi on input line 14.
LaTeX Font Info:    Redeclaring math symbol \Sigma on input line 14.
LaTeX Font Info:    Redeclaring math symbol \Upsilon on input line 14.
LaTeX Font Info:    Redeclaring math symbol \Phi on input line 14.
LaTeX Font Info:    Redeclaring math symbol \Psi on input line 14.
LaTeX Font Info:    Redeclaring math symbol \Omega on input line 14.
LaTeX Font Info:    Redeclaring math symbol \mathdollar on input line 14.
LaTeX Font Info:    Redeclaring symbol font `operators' on input line 14.
LaTeX Font Info:    Encoding `OT1' has changed to `TU' for symbol font
(Font)              `operators' in the math version `normal' on input line 14.
LaTeX Font Info:    Overwriting symbol font `operators' in version `normal'
(Font)                  OT1/cmr/m/n --> TU/texgyretermes(0)/m/n on input line 1
4.
LaTeX Font Info:    Encoding `OT1' has changed to `TU' for symbol font
(Font)              `operators' in the math version `bold' on input line 14.
LaTeX Font Info:    Overwriting symbol font `operators' in version `bold'
(Font)                  OT1/cmr/bx/n --> TU/texgyretermes(0)/m/n on input line 
14.
LaTeX Font Info:    Overwriting symbol font `operators' in version `normal'
(Font)                  TU/texgyretermes(0)/m/n --> TU/texgyretermes(0)/m/n on 
input line 14.
LaTeX Font Info:    Overwriting math alphabet `\mathit' in version `normal'
(Font)                  OT1/cmr/m/it --> TU/texgyretermes(0)/m/it on input line
 14.
LaTeX Font Info:    Overwriting math alphabet `\mathbf' in version `normal'
(Font)                  OT1/cmr/bx/n --> TU/texgyretermes(0)/b/n on input line 
14.
LaTeX Font Info:    Overwriting math alphabet `\mathsf' in version `normal'
(Font)                  OT1/cmss/m/n --> TU/lmss/m/n on input line 14.
LaTeX Font Info:    Overwriting math alphabet `\mathtt' in version `normal'
(Font)                  OT1/cmtt/m/n --> TU/lmtt/m/n on input line 14.
LaTeX Font Info:    Overwriting symbol font `operators' in version `bold'
(Font)                  TU/texgyretermes(0)/m/n --> TU/texgyretermes(0)/b/n on 
input line 14.
LaTeX Font Info:    Overwriting math alphabet `\mathit' in version `bold'
(Font)                  OT1/cmr/bx/it --> TU/texgyretermes(0)/b/it on input lin
e 14.
LaTeX Font Info:    Overwriting math alphabet `\mathsf' in version `bold'
(Font)                  OT1/cmss/bx/n --> TU/lmss/b/n on input line 14.
LaTeX Font Info:    Overwriting math alphabet `\mathtt' in version `bold'
(Font)                  OT1/cmtt/m/n --> TU/lmtt/b/n on input line 14.
Package hyperref Info: Link coloring OFF on input line 14.
 (./resume-zh_CN.out)
(./resume-zh_CN.out)
\@outlinefile=\write4
\openout4 = `resume-zh_CN.out'.


*geometry* driver: auto-detecting
*geometry* detected driver: xetex
*geometry* verbose mode - [ preamble ] result:
* driver: xetex
* paper: a4paper
* layout: <same size as paper>
* layoutoffset:(h,v)=(0.0pt,0.0pt)
* modes: 
* h-part:(L,W,R)=(14.45377pt, 568.60034pt, 14.45377pt)
* v-part:(T,H,B)=(7.22743pt, 830.59198pt, 7.22743pt)
* \paperwidth=597.50787pt
* \paperheight=845.04684pt
* \textwidth=568.60034pt
* \textheight=830.59198pt
* \oddsidemargin=-57.81622pt
* \evensidemargin=-57.81622pt
* \topmargin=-65.04256pt
* \headheight=0.0pt
* \headsep=0.0pt
* \topskip=11.0pt
* \footskip=30.0pt
* \marginparwidth=59.0pt
* \marginparsep=10.0pt
* \columnsep=10.0pt
* \skip\footins=10.0pt plus 4.0pt minus 2.0pt
* \hoffset=0.0pt
* \voffset=0.0pt
* \mag=1000
* \@twocolumnfalse
* \@twosidefalse
* \@mparswitchfalse
* \@reversemarginfalse
* (1in=72.27pt=25.4mm, 1cm=28.453pt)


Package fontspec Info: Font family 'AdobeHeitiStd-Regular.otf(0)' created for
(fontspec)             font 'AdobeHeitiStd-Regular.otf' with options [Path =
(fontspec)             fonts/zh_CN-Adobe/,Mapping=tex-text,Script={CJK}].
(fontspec)              
(fontspec)              This font family consists of the following NFSS
(fontspec)             series/shapes:
(fontspec)              
(fontspec)             - 'normal' (m/n) with NFSS spec.:
(fontspec)             <->"[fonts/zh_CN-Adobe/AdobeHeitiStd-Regular.otf]/OT:scr
ipt=hani;language=dflt;mapping=tex-text;"
(fontspec)             - 'small caps'  (m/sc) with NFSS spec.: 

LaTeX Font Info:    Font shape `TU/FontAwesome(0)/m/n' will be
(Font)              scaled to size 10.20007pt on input line 24.
LaTeX Font Info:    Font shape `TU/FontAwesome(0)/m/sc' will be
(Font)              scaled to size 12.24008pt on input line 26.

Package hyperref Warning: Token not allowed in a PDF string (Unicode):
(hyperref)                removing `\FA' on input line 26.


Package hyperref Warning: Token not allowed in a PDF string (Unicode):
(hyperref)                removing `\FA' on input line 47.


Package hyperref Warning: Token not allowed in a PDF string (Unicode):
(hyperref)                removing `\FA' on input line 81.

[1

]

Package hyperref Warning: Token not allowed in a PDF string (Unicode):
(hyperref)                removing `\FA' on input line 112.


Package hyperref Warning: Token not allowed in a PDF string (Unicode):
(hyperref)                removing `\FA' on input line 119.


Package hyperref Warning: Token not allowed in a PDF string (Unicode):
(hyperref)                removing `\FA' on input line 128.


Package hyperref Warning: Token not allowed in a PDF string (Unicode):
(hyperref)                removing `\FA' on input line 138.

[2] (./resume-zh_CN.aux)
Package rerunfilecheck Info: File `resume-zh_CN.out' has not changed.
(rerunfilecheck)             Checksum: 9B5B7C59B256616E03FE79FD86E088AA;3141.
 ) 
Here is how much of TeX's memory you used:
 15579 strings out of 476683
 332244 string characters out of 5807575
 1914012 words of memory out of 5000000
 35604 multiletter control sequences out of 15000+600000
 513525 words of font info for 75 fonts, out of 8000000 for 9000
 1348 hyphenation exceptions out of 8191
 102i,5n,105p,399b,438s stack positions out of 10000i,1000n,20000p,200000b,200000s

Output written on resume-zh_CN.xdv (2 pages, 55896 bytes).
